2018-11-05T19:19:16+00:00 CRITICAL Maximum execution time of 30 seconds exceeded

2018-11-07T08:44:16+00:00 CRITICAL Maximum execution time of 30 seconds exceeded

2018-11-07T21:23:19+00:00 CRITICAL Maximum execution time of 30 seconds exceeded

2018-11-19T21:15:55+00:00 CRITICAL Uncaught Error: Class 'ElementorPro\Modules\QueryControl\Controls\Group_Control_Posts' not found in C:\xampp\htdocs\RallyWorld\wp-content\plugins\elementor-extras\modules\posts\widgets\posts.php:350
Stack trace:
#0 C:\xampp\htdocs\RallyWorld\wp-content\plugins\elementor-extras\modules\posts\widgets\posts.php(283): ElementorExtras\Modules\Posts\Widgets\Posts->register_query_content_controls()
#1 C:\xampp\htdocs\RallyWorld\wp-content\plugins\elementor\includes\base\controls-stack.php(1956): ElementorExtras\Modules\Posts\Widgets\Posts->_register_controls()
#2 C:\xampp\htdocs\RallyWorld\wp-content\plugins\elementor\includes\base\controls-stack.php(495): Elementor\Controls_Stack->init_controls()
#3 C:\xampp\htdocs\RallyWorld\wp-content\plugins\elementor\includes\base\widget-base.php(160): Elementor\Controls_Stack->get_stack()
#4 C:\xampp\htdocs\RallyWorld\wp-content\plugins\elementor\includes\base\controls-stack.php(288): Elementor\Widget_Base->get_stack()
#5 C:\xampp\htdocs\RallyWorld\wp-content\plugins\elementor

2018-11-19T21:16:21+00:00 CRITICAL Uncaught Error: Class 'ElementorPro\Modules\QueryControl\Controls\Group_Control_Posts' not found in C:\xampp\htdocs\RallyWorld\wp-content\plugins\elementor-extras\modules\posts\widgets\posts.php:350
Stack trace:
#0 C:\xampp\htdocs\RallyWorld\wp-content\plugins\elementor-extras\modules\posts\widgets\posts.php(283): ElementorExtras\Modules\Posts\Widgets\Posts->register_query_content_controls()
#1 C:\xampp\htdocs\RallyWorld\wp-content\plugins\elementor\includes\base\controls-stack.php(1956): ElementorExtras\Modules\Posts\Widgets\Posts->_register_controls()
#2 C:\xampp\htdocs\RallyWorld\wp-content\plugins\elementor\includes\base\controls-stack.php(495): Elementor\Controls_Stack->init_controls()
#3 C:\xampp\htdocs\RallyWorld\wp-content\plugins\elementor\includes\base\widget-base.php(160): Elementor\Controls_Stack->get_stack()
#4 C:\xampp\htdocs\RallyWorld\wp-content\plugins\elementor\includes\base\controls-stack.php(288): Elementor\Widget_Base->get_stack()
#5 C:\xampp\htdocs\RallyWorld\wp-content\plugins\elementor

2018-11-19T21:38:45+00:00 CRITICAL Maximum execution time of 30 seconds exceeded

2018-11-19T21:43:53+00:00 CRITICAL Maximum execution time of 30 seconds exceeded

2018-11-19T21:44:25+00:00 CRITICAL Maximum execution time of 30 seconds exceeded

2018-11-19T21:44:25+00:00 CRITICAL Maximum execution time of 30 seconds exceeded

2018-11-19T21:45:32+00:00 CRITICAL Maximum execution time of 30 seconds exceeded

2018-11-19T21:46:05+00:00 CRITICAL Maximum execution time of 30 seconds exceeded

2018-11-19T21:46:08+00:00 CRITICAL Maximum execution time of 30 seconds exceeded

2018-11-21T11:02:59+00:00 CRITICAL Maximum execution time of 30 seconds exceeded

2018-11-21T11:37:26+00:00 CRITICAL Maximum execution time of 30 seconds exceeded

2018-11-22T09:17:33+00:00 CRITICAL Maximum execution time of 30 seconds exceeded

2018-11-22T21:20:52+00:00 CRITICAL Maximum execution time of 30 seconds exceeded

2018-11-22T21:28:52+00:00 CRITICAL Maximum execution time of 30 seconds exceeded

2018-11-22T21:31:42+00:00 CRITICAL Maximum execution time of 30 seconds exceeded

2018-11-22T21:48:48+00:00 CRITICAL Maximum execution time of 30 seconds exceeded

2018-11-22T22:03:50+00:00 CRITICAL Maximum execution time of 30 seconds exceeded

2018-11-22T22:41:02+00:00 CRITICAL Maximum execution time of 30 seconds exceeded

2018-11-23T00:39:32+00:00 CRITICAL Maximum execution time of 30 seconds exceeded

2018-11-23T21:49:53+00:00 CRITICAL Maximum execution time of 30 seconds exceeded

2018-11-24T01:11:43+00:00 CRITICAL Maximum execution time of 30 seconds exceeded

